<?xml version="1.0" encoding="UTF-8"?>
<!-- Generated by org.testng.reporters.JUnitXMLReporter -->
<testsuite ignored="0" hostname="Mallepally_Sowmya" failures="2" tests="4" name="Surefire test" time="248.411" errors="0" timestamp="2023-05-18T14:18:20 IST">
  <testcase classname="com.qm.android.testcases.HomePageTest" name="addContactAndAddToFavorites" time="42.989"/>
  <testcase classname="com.qm.android.testcases.HomePageTest" name="addContactAndDeleteContact" time="77.955">
    <failure type="org.openqa.selenium.TimeoutException" message="Expected condition failed: waiting for visibility of element located by By.xpath: //android.widget.TextView[@text=&amp;apos;No results&amp;apos;] (tried for 30 second(s) with 500 milliseconds interval)
Build info: version: &amp;apos;4.9.1&amp;apos;, revision: &amp;apos;eb2032df7f&amp;apos;
System info: os.name: &amp;apos;Windows 11&amp;apos;, os.arch: &amp;apos;amd64&amp;apos;, os.version: &amp;apos;10.0&amp;apos;, java.version: &amp;apos;17.0.4&amp;apos;
Driver info: io.appium.java_client.android.AndroidDriver
Capabilities {appium:appActivity: com.android.contacts.activi..., appium:appPackage: com.google.android.contacts, appium:automationName: UiAutomator2, appium:databaseEnabled: false, appium:desired: {appActivity: com.android.contacts.activi..., appPackage: com.google.android.contacts, automationName: UiAutomator2, noReset: false, orientation: PORTRAIT, platformName: ANDROID, platformVersion: 10, udid: 192.168.27.101:5555}, appium:deviceApiLevel: 30, appium:deviceManufacturer: Genymobile, appium:deviceModel: Nexus 4, appium:deviceName: 192.168.27.101:5555, appium:deviceScreenDensity: 320, appium:deviceScreenSize: 768x1280, appium:deviceUDID: 192.168.27.101:5555, appium:javascriptEnabled: true, appium:locationContextEnabled: false, appium:networkConnectionEnabled: true, appium:noReset: false, appium:orientation: PORTRAIT, appium:pixelRatio: 2, appium:platformVersion: 11, appium:statBarHeight: 48, appium:takesScreenshot: true, appium:udid: 192.168.27.101:5555, appium:viewportRect: {height: 1136, left: 0, top: 48, width: 768}, appium:warnings: {}, appium:webStorageEnabled: false, platformName: ANDROID}
Session ID: 08010965-fa0e-417b-8fbb-66849c262342">
      <![CDATA[org.openqa.selenium.TimeoutException: Expected condition failed: waiting for visibility of element located by By.xpath: //android.widget.TextView[@text='No results'] (tried for 30 second(s) with 500 milliseconds interval)
Build info: version: '4.9.1', revision: 'eb2032df7f'
System info: os.name: 'Windows 11', os.arch: 'amd64', os.version: '10.0', java.version: '17.0.4'
Driver info: io.appium.java_client.android.AndroidDriver
Capabilities {appium:appActivity: com.android.contacts.activi..., appium:appPackage: com.google.android.contacts, appium:automationName: UiAutomator2, appium:databaseEnabled: false, appium:desired: {appActivity: com.android.contacts.activi..., appPackage: com.google.android.contacts, automationName: UiAutomator2, noReset: false, orientation: PORTRAIT, platformName: ANDROID, platformVersion: 10, udid: 192.168.27.101:5555}, appium:deviceApiLevel: 30, appium:deviceManufacturer: Genymobile, appium:deviceModel: Nexus 4, appium:deviceName: 192.168.27.101:5555, appium:deviceScreenDensity: 320, appium:deviceScreenSize: 768x1280, appium:deviceUDID: 192.168.27.101:5555, appium:javascriptEnabled: true, appium:locationContextEnabled: false, appium:networkConnectionEnabled: true, appium:noReset: false, appium:orientation: PORTRAIT, appium:pixelRatio: 2, appium:platformVersion: 11, appium:statBarHeight: 48, appium:takesScreenshot: true, appium:udid: 192.168.27.101:5555, appium:viewportRect: {height: 1136, left: 0, top: 48, width: 768}, appium:warnings: {}, appium:webStorageEnabled: false, platformName: ANDROID}
Session ID: 08010965-fa0e-417b-8fbb-66849c262342
at org.openqa.selenium.support.ui.WebDriverWait.timeoutException(WebDriverWait.java:87)
at org.openqa.selenium.support.ui.FluentWait.until(FluentWait.java:231)
at com.qm.android.utils.MobileActions.waitForVisible(MobileActions.java:72)
at com.qm.android.utils.MobileActions.isDisplayed(MobileActions.java:432)
at com.qm.android.screens.HomePage.deleteContact(HomePage.java:41)
at com.qm.android.testcases.HomePageTest.addContactAndDeleteContact(HomePageTest.java:32)
at java.base/java.util.ArrayList.forEach(ArrayList.java:1511)
... Removed 32 stack frames]]>
    </failure>
  </testcase> <!-- addContactAndDeleteContact -->
  <testcase classname="com.qm.android.testcases.HomePageTest" name="addContactAndVerifyContactDetails" time="26.869"/>
  <testcase classname="com.qm.android.testcases.HomePageTest" name="sendSmsToContact" time="93.966">
    <failure type="org.openqa.selenium.TimeoutException" message="Expected condition failed: waiting for visibility of element located by By.xpath: //android.widget.LinearLayout[@content-desc=&amp;quot;Send SMS&amp;quot;]/android.widget.LinearLayout/android.widget.LinearLayout/android.widget.ImageView (tried for 30 second(s) with 500 milliseconds interval)
Build info: version: &amp;apos;4.9.1&amp;apos;, revision: &amp;apos;eb2032df7f&amp;apos;
System info: os.name: &amp;apos;Windows 11&amp;apos;, os.arch: &amp;apos;amd64&amp;apos;, os.version: &amp;apos;10.0&amp;apos;, java.version: &amp;apos;17.0.4&amp;apos;
Driver info: io.appium.java_client.android.AndroidDriver
Capabilities {appium:appActivity: com.android.contacts.activi..., appium:appPackage: com.google.android.contacts, appium:automationName: UiAutomator2, appium:databaseEnabled: false, appium:desired: {appActivity: com.android.contacts.activi..., appPackage: com.google.android.contacts, automationName: UiAutomator2, noReset: false, orientation: PORTRAIT, platformName: ANDROID, platformVersion: 10, udid: 192.168.27.101:5555}, appium:deviceApiLevel: 30, appium:deviceManufacturer: Genymobile, appium:deviceModel: Nexus 4, appium:deviceName: 192.168.27.101:5555, appium:deviceScreenDensity: 320, appium:deviceScreenSize: 768x1280, appium:deviceUDID: 192.168.27.101:5555, appium:javascriptEnabled: true, appium:locationContextEnabled: false, appium:networkConnectionEnabled: true, appium:noReset: false, appium:orientation: PORTRAIT, appium:pixelRatio: 2, appium:platformVersion: 11, appium:statBarHeight: 48, appium:takesScreenshot: true, appium:udid: 192.168.27.101:5555, appium:viewportRect: {height: 1136, left: 0, top: 48, width: 768}, appium:warnings: {}, appium:webStorageEnabled: false, platformName: ANDROID}
Session ID: 44db05d9-f8e0-41bb-8eb7-dde9c2d66cd1">
      <![CDATA[org.openqa.selenium.TimeoutException: Expected condition failed: waiting for visibility of element located by By.xpath: //android.widget.LinearLayout[@content-desc="Send SMS"]/android.widget.LinearLayout/android.widget.LinearLayout/android.widget.ImageView (tried for 30 second(s) with 500 milliseconds interval)
Build info: version: '4.9.1', revision: 'eb2032df7f'
System info: os.name: 'Windows 11', os.arch: 'amd64', os.version: '10.0', java.version: '17.0.4'
Driver info: io.appium.java_client.android.AndroidDriver
Capabilities {appium:appActivity: com.android.contacts.activi..., appium:appPackage: com.google.android.contacts, appium:automationName: UiAutomator2, appium:databaseEnabled: false, appium:desired: {appActivity: com.android.contacts.activi..., appPackage: com.google.android.contacts, automationName: UiAutomator2, noReset: false, orientation: PORTRAIT, platformName: ANDROID, platformVersion: 10, udid: 192.168.27.101:5555}, appium:deviceApiLevel: 30, appium:deviceManufacturer: Genymobile, appium:deviceModel: Nexus 4, appium:deviceName: 192.168.27.101:5555, appium:deviceScreenDensity: 320, appium:deviceScreenSize: 768x1280, appium:deviceUDID: 192.168.27.101:5555, appium:javascriptEnabled: true, appium:locationContextEnabled: false, appium:networkConnectionEnabled: true, appium:noReset: false, appium:orientation: PORTRAIT, appium:pixelRatio: 2, appium:platformVersion: 11, appium:statBarHeight: 48, appium:takesScreenshot: true, appium:udid: 192.168.27.101:5555, appium:viewportRect: {height: 1136, left: 0, top: 48, width: 768}, appium:warnings: {}, appium:webStorageEnabled: false, platformName: ANDROID}
Session ID: 44db05d9-f8e0-41bb-8eb7-dde9c2d66cd1
at org.openqa.selenium.support.ui.WebDriverWait.timeoutException(WebDriverWait.java:87)
at org.openqa.selenium.support.ui.FluentWait.until(FluentWait.java:231)
at com.qm.android.utils.MobileActions.waitForVisible(MobileActions.java:72)
at com.qm.android.utils.MobileActions.click(MobileActions.java:84)
at com.qm.android.screens.HomePage.sendSmsToContact(HomePage.java:128)
at com.qm.android.testcases.HomePageTest.sendSmsToContact(HomePageTest.java:56)
at java.base/java.util.ArrayList.forEach(ArrayList.java:1511)
... Removed 32 stack frames]]>
    </failure>
  </testcase> <!-- sendSmsToContact -->
</testsuite> <!-- Surefire test -->
