<?xml version="1.0" encoding="UTF-8"?>
<!-- Generated by org.testng.reporters.JUnitXMLReporter -->
<testsuite ignored="0" hostname="MahalakshmiGunni" failures="1" tests="1" name="Pixel 6 Pro API 31" time="2.619" errors="0" timestamp="2023-04-19T11:08:46 IST">
  <testcase classname="com.qm.android.testcases.HomePageTest" name="homePage" time="2.442">
    <failure type="org.testng.internal.reflect.MethodMatcherException" message="
[public void com.qm.android.testcases.HomePageTest.homePage()] has no parameters defined but was found to be using a data provider (either explicitly specified or inherited from class level annotation).
Data provider mismatch
Method: homePage([])
Arguments: [null]">
      <![CDATA[org.testng.internal.reflect.MethodMatcherException: 
[public void com.qm.android.testcases.HomePageTest.homePage()] has no parameters defined but was found to be using a data provider (either explicitly specified or inherited from class level annotation).
Data provider mismatch
Method: homePage([])
Arguments: [null]
at java.base/java.util.ArrayList.forEach(ArrayList.java:1511)
... Removed 22 stack frames]]>
    </failure>
  </testcase> <!-- homePage -->
</testsuite> <!-- Pixel 6 Pro API 31 -->
