<?xml version="1.0" encoding="UTF-8"?>
<!-- Generated by org.testng.reporters.JUnitXMLReporter -->
<testsuite ignored="0" hostname="Mallepally_Sowmya" failures="2" tests="2" name="Command line test" time="0.095" errors="0" timestamp="2023-05-31T18:58:04 IST">
  <testcase classname="com.qm.android.testcases.HomePageTest" name="addContactAndAddToFavorites" time="0.03">
    <failure type="java.lang.NullPointerException">
      <![CDATA[java.lang.NullPointerException
at com.qm.listeners.MobileEvent.onTestStart(MobileEvent.java:71)
at java.base/java.util.ArrayList.forEach(ArrayList.java:1541)
... Removed 34 stack frames]]>
    </failure>
  </testcase> <!-- addContactAndAddToFavorites -->
  <testcase classname="com.qm.android.testcases.HomePageTest" name="addContactAndAddToFavorites" time="0.06">
    <failure type="java.lang.NullPointerException">
      <![CDATA[java.lang.NullPointerException
at com.qm.listeners.MobileEvent.onTestFailure(MobileEvent.java:136)
at java.base/java.util.ArrayList.forEach(ArrayList.java:1541)
... Removed 34 stack frames]]>
    </failure>
  </testcase> <!-- addContactAndAddToFavorites -->
</testsuite> <!-- Command line test -->
