<?xml version="1.0" encoding="UTF-8"?>
<testsuite xmlns:xsi="http://www.w3.org/2001/XMLSchema-instance" xsi:noNamespaceSchemaLocation="https://maven.apache.org/surefire/maven-surefire-plugin/xsd/surefire-test-report-3.0.xsd" version="3.0" name="TestSuite" time="250.638" tests="4" errors="0" skipped="0" failures="2">
  <properties>
[...]
</properties>
  <testcase name="addContactAndAddToFavorites" classname="com.qm.android.testcases.HomePageTest" time="30.201">
    <system-out><![CDATA[Going to start suite: Default suite picked
key: Android
key1: 192.168.27.101:5555
key2: 4723
Mobile_Application
Execution started Mobile_Application @ Android_Native
Successfully clicked on - Click on allow
265-182-5671
Successfully clicked on - allow button
Successfully clicked on - Skip button
Successfully element enabled: Create Contact button is enabled
Successfully clicked on - Create Contact button
Successfully get text - Create contact
Actual Text - Create contact
Expected Text - Create contact
Create contact  Actual value is equals to Create contact
Successfully Entered text - 265-182-5671
Successfully get text - 265-182-5671
Successfully Entered text - Auto05/18/2023 14:14:25
Successfully get text - Auto05/18/2023 14:14:25
Successfully Entered text - Auto05/18/2023 14:14:25
Successfully clicked on - Mobile
Successfully clicked on - Save
Successfully get text - 265-182-5671
Actual Text - 265-182-5671
Expected Text - 265-182-5671
265-182-5671  Actual value is equals to 265-182-5671
Successfully clicked on - Previous Page
Successfully clicked on - Search Contact
Successfully clicked on - Search Contact
Successfully Entered text - Auto05/18/2023 14:14:25
Successfully clicked on - Contact Deatails
Successfully clicked on - Add_To_Favorities
Successfully clicked on - Previous Page
Successfully clicked on - Contact Deatails
Successfully element enabled: Add_To_Favorities
]]></system-out>
    <system-err><![CDATA[SLF4J: Class path contains multiple SLF4J bindings.
SLF4J: Found binding in [jar:file:/C:/Users/Mallepally-Sowmya/.m2/repository/org/slf4j/slf4j-log4j12/1.7.5/slf4j-log4j12-1.7.5.jar!/org/slf4j/impl/StaticLoggerBinder.class]
SLF4J: Found binding in [jar:file:/C:/Users/Mallepally-Sowmya/.m2/repository/org/apache/logging/log4j/log4j-slf4j-impl/2.17.2/log4j-slf4j-impl-2.17.2.jar!/org/slf4j/impl/StaticLoggerBinder.class]
SLF4J: See http://www.slf4j.org/codes.html#multiple_bindings for an explanation.
SLF4J: Actual binding is of type [org.slf4j.impl.Log4jLoggerFactory]
log4j:WARN No appenders could be found for logger (io.netty.util.internal.logging.InternalLoggerFactory).
log4j:WARN Please initialize the log4j system properly.
log4j:WARN See http://logging.apache.org/log4j/1.2/faq.html#noconfig for more info.
]]></system-err>
  </testcase>
  <testcase name="addContactAndDeleteContact" classname="com.qm.android.testcases.HomePageTest" time="68.01">
    <failure message="Expected condition failed: waiting for visibility of element located by By.xpath: //android.widget.TextView[@text=&apos;No results&apos;] (tried for 30 second(s) with 500 milliseconds interval)&#10;Build info: version: &apos;4.9.1&apos;, revision: &apos;eb2032df7f&apos;&#10;System info: os.name: &apos;Windows 11&apos;, os.arch: &apos;amd64&apos;, os.version: &apos;10.0&apos;, java.version: &apos;17.0.4&apos;&#10;Driver info: io.appium.java_client.android.AndroidDriver&#10;Capabilities {appium:appActivity: com.android.contacts.activi..., appium:appPackage: com.google.android.contacts, appium:automationName: UiAutomator2, appium:databaseEnabled: false, appium:desired: {appActivity: com.android.contacts.activi..., appPackage: com.google.android.contacts, automationName: UiAutomator2, noReset: false, orientation: PORTRAIT, platformName: ANDROID, platformVersion: 10, udid: 192.168.27.101:5555}, appium:deviceApiLevel: 30, appium:deviceManufacturer: Genymobile, appium:deviceModel: Nexus 4, appium:deviceName: 192.168.27.101:5555, appium:deviceScreenDensity: 320, appium:deviceScreenSize: 768x1280, appium:deviceUDID: 192.168.27.101:5555, appium:javascriptEnabled: true, appium:locationContextEnabled: false, appium:networkConnectionEnabled: true, appium:noReset: false, appium:orientation: PORTRAIT, appium:pixelRatio: 2, appium:platformVersion: 11, appium:statBarHeight: 48, appium:takesScreenshot: true, appium:udid: 192.168.27.101:5555, appium:viewportRect: {height: 1136, left: 0, top: 48, width: 768}, appium:warnings: {}, appium:webStorageEnabled: false, platformName: ANDROID}&#10;Session ID: 08010965-fa0e-417b-8fbb-66849c262342" type="org.openqa.selenium.TimeoutException"><![CDATA[org.openqa.selenium.TimeoutException: 
Expected condition failed: waiting for visibility of element located by By.xpath: //android.widget.TextView[@text='No results'] (tried for 30 second(s) with 500 milliseconds interval)
Build info: version: '4.9.1', revision: 'eb2032df7f'
System info: os.name: 'Windows 11', os.arch: 'amd64', os.version: '10.0', java.version: '17.0.4'
Driver info: io.appium.java_client.android.AndroidDriver
Capabilities {appium:appActivity: com.android.contacts.activi..., appium:appPackage: com.google.android.contacts, appium:automationName: UiAutomator2, appium:databaseEnabled: false, appium:desired: {appActivity: com.android.contacts.activi..., appPackage: com.google.android.contacts, automationName: UiAutomator2, noReset: false, orientation: PORTRAIT, platformName: ANDROID, platformVersion: 10, udid: 192.168.27.101:5555}, appium:deviceApiLevel: 30, appium:deviceManufacturer: Genymobile, appium:deviceModel: Nexus 4, appium:deviceName: 192.168.27.101:5555, appium:deviceScreenDensity: 320, appium:deviceScreenSize: 768x1280, appium:deviceUDID: 192.168.27.101:5555, appium:javascriptEnabled: true, appium:locationContextEnabled: false, appium:networkConnectionEnabled: true, appium:noReset: false, appium:orientation: PORTRAIT, appium:pixelRatio: 2, appium:platformVersion: 11, appium:statBarHeight: 48, appium:takesScreenshot: true, appium:udid: 192.168.27.101:5555, appium:viewportRect: {height: 1136, left: 0, top: 48, width: 768}, appium:warnings: {}, appium:webStorageEnabled: false, platformName: ANDROID}
Session ID: 08010965-fa0e-417b-8fbb-66849c262342
	at org.openqa.selenium.support.ui.WebDriverWait.timeoutException(WebDriverWait.java:87)
	at org.openqa.selenium.support.ui.FluentWait.until(FluentWait.java:231)
	at com.qm.android.utils.MobileActions.waitForVisible(MobileActions.java:72)
	at com.qm.android.utils.MobileActions.isDisplayed(MobileActions.java:432)
	at com.qm.android.screens.HomePage.deleteContact(HomePage.java:41)
	at com.qm.android.testcases.HomePageTest.addContactAndDeleteContact(HomePageTest.java:32)
	at java.base/jdk.internal.reflect.NativeMethodAccessorImpl.invoke0(Native Method)
	at java.base/jdk.internal.reflect.NativeMethodAccessorImpl.invoke(NativeMethodAccessorImpl.java:77)
	at java.base/jdk.internal.reflect.DelegatingMethodAccessorImpl.invoke(DelegatingMethodAccessorImpl.java:43)
	at java.base/java.lang.reflect.Method.invoke(Method.java:568)
	at org.testng.internal.invokers.MethodInvocationHelper.invokeMethod(MethodInvocationHelper.java:139)
	at org.testng.internal.invokers.TestInvoker.invokeMethod(TestInvoker.java:677)
	at org.testng.internal.invokers.TestInvoker.invokeTestMethod(TestInvoker.java:221)
	at org.testng.internal.invokers.MethodRunner.runInSequence(MethodRunner.java:50)
	at org.testng.internal.invokers.TestInvoker$MethodInvocationAgent.invoke(TestInvoker.java:969)
	at org.testng.internal.invokers.TestInvoker.invokeTestMethods(TestInvoker.java:194)
	at org.testng.internal.invokers.TestMethodWorker.invokeTestMethods(TestMethodWorker.java:148)
	at org.testng.internal.invokers.TestMethodWorker.run(TestMethodWorker.java:128)
	at java.base/java.util.ArrayList.forEach(ArrayList.java:1511)
	at org.testng.TestRunner.privateRun(TestRunner.java:829)
	at org.testng.TestRunner.run(TestRunner.java:602)
	at org.testng.SuiteRunner.runTest(SuiteRunner.java:437)
	at org.testng.SuiteRunner.runSequentially(SuiteRunner.java:431)
	at org.testng.SuiteRunner.privateRun(SuiteRunner.java:391)
	at org.testng.SuiteRunner.run(SuiteRunner.java:330)
	at org.testng.SuiteRunnerWorker.runSuite(SuiteRunnerWorker.java:52)
	at org.testng.SuiteRunnerWorker.run(SuiteRunnerWorker.java:95)
	at org.testng.TestNG.runSuitesSequentially(TestNG.java:1256)
	at org.testng.TestNG.runSuitesLocally(TestNG.java:1176)
	at org.testng.TestNG.runSuites(TestNG.java:1099)
	at org.testng.TestNG.run(TestNG.java:1067)
	at org.apache.maven.surefire.testng.TestNGExecutor.run(TestNGExecutor.java:151)
	at org.apache.maven.surefire.testng.TestNGDirectoryTestSuite.executeMulti(TestNGDirectoryTestSuite.java:192)
	at org.apache.maven.surefire.testng.TestNGDirectoryTestSuite.execute(TestNGDirectoryTestSuite.java:93)
	at org.apache.maven.surefire.testng.TestNGProvider.invoke(TestNGProvider.java:155)
	at org.apache.maven.surefire.booter.ForkedBooter.runSuitesInProcess(ForkedBooter.java:456)
	at org.apache.maven.surefire.booter.ForkedBooter.execute(ForkedBooter.java:169)
	at org.apache.maven.surefire.booter.ForkedBooter.run(ForkedBooter.java:595)
	at org.apache.maven.surefire.booter.ForkedBooter.main(ForkedBooter.java:581)
]]></failure>
    <system-out><![CDATA[Test Success: addContactAndAddToFavorites
Execution ended - Android_Native
key: Android
key1: 192.168.27.101:5555
key2: 4723
Mobile_Application
Execution started Mobile_Application @ Android_Native
Successfully clicked on - Click on allow
632-062-7566
Successfully clicked on - allow button
Successfully clicked on - Skip button
Successfully element enabled: Create Contact button is enabled
Successfully clicked on - Create Contact button
Successfully get text - Create contact
Actual Text - Create contact
Expected Text - Create contact
Create contact  Actual value is equals to Create contact
Successfully Entered text - 632-062-7566
Successfully get text - 632-062-7566
Successfully Entered text - Auto05/18/2023 14:14:25
Successfully get text - Auto05/18/2023 14:14:25
Successfully Entered text - Auto05/18/2023 14:15:06
Successfully clicked on - Mobile
Successfully clicked on - Save
Successfully get text - 632-062-7566
Actual Text - 632-062-7566
Expected Text - 632-062-7566
632-062-7566  Actual value is equals to 632-062-7566
Successfully clicked on - Previous Page
Successfully clicked on - Search Contact
Successfully clicked on - Search Contact
Successfully Entered text - Auto05/18/2023 14:14:25
Successfully clicked on - Contact Deatails
Successfully clicked on - More_Options
Successfully clicked on - Delete
Successfully clicked on - Delete
]]></system-out>
  </testcase>
  <testcase name="addContactAndVerifyContactDetails" classname="com.qm.android.testcases.HomePageTest" time="16.553">
    <system-out><![CDATA[Test Fail: addContactAndDeleteContact
Execution ended - Android_Native
key: Android
key1: 192.168.27.101:5555
key2: 4723
Mobile_Application
Execution started Mobile_Application @ Android_Native
Successfully clicked on - Click on allow
335-731-1068
Successfully clicked on - allow button
Successfully clicked on - Skip button
Successfully element enabled: Create Contact button is enabled
Successfully clicked on - Create Contact button
Successfully get text - Create contact
Actual Text - Create contact
Expected Text - Create contact
Create contact  Actual value is equals to Create contact
Successfully Entered text - 335-731-1068
Successfully get text - 335-731-1068
Successfully Entered text - Auto05/18/2023 14:14:25
Successfully get text - Auto05/18/2023 14:14:25
Successfully clicked on - Mobile
Successfully clicked on - Save
Successfully get text - 335-731-1068
Actual Text - 335-731-1068
Expected Text - 335-731-1068
335-731-1068  Actual value is equals to 335-731-1068
Successfully get text - Auto05/18/2023 14:14:25
Actual Text - Auto05/18/2023 14:14:25
Expected Text - Auto05/18/2023 14:14:25
Auto05/18/2023 14:14:25  Actual value is equals to Auto05/18/2023 14:14:25
]]></system-out>
  </testcase>
  <testcase name="sendSmsToContact" classname="com.qm.android.testcases.HomePageTest" time="74.826">
    <failure message="Expected condition failed: waiting for visibility of element located by By.xpath: //android.widget.LinearLayout[@content-desc=&quot;Send SMS&quot;]/android.widget.LinearLayout/android.widget.LinearLayout/android.widget.ImageView (tried for 30 second(s) with 500 milliseconds interval)&#10;Build info: version: &apos;4.9.1&apos;, revision: &apos;eb2032df7f&apos;&#10;System info: os.name: &apos;Windows 11&apos;, os.arch: &apos;amd64&apos;, os.version: &apos;10.0&apos;, java.version: &apos;17.0.4&apos;&#10;Driver info: io.appium.java_client.android.AndroidDriver&#10;Capabilities {appium:appActivity: com.android.contacts.activi..., appium:appPackage: com.google.android.contacts, appium:automationName: UiAutomator2, appium:databaseEnabled: false, appium:desired: {appActivity: com.android.contacts.activi..., appPackage: com.google.android.contacts, automationName: UiAutomator2, noReset: false, orientation: PORTRAIT, platformName: ANDROID, platformVersion: 10, udid: 192.168.27.101:5555}, appium:deviceApiLevel: 30, appium:deviceManufacturer: Genymobile, appium:deviceModel: Nexus 4, appium:deviceName: 192.168.27.101:5555, appium:deviceScreenDensity: 320, appium:deviceScreenSize: 768x1280, appium:deviceUDID: 192.168.27.101:5555, appium:javascriptEnabled: true, appium:locationContextEnabled: false, appium:networkConnectionEnabled: true, appium:noReset: false, appium:orientation: PORTRAIT, appium:pixelRatio: 2, appium:platformVersion: 11, appium:statBarHeight: 48, appium:takesScreenshot: true, appium:udid: 192.168.27.101:5555, appium:viewportRect: {height: 1136, left: 0, top: 48, width: 768}, appium:warnings: {}, appium:webStorageEnabled: false, platformName: ANDROID}&#10;Session ID: 44db05d9-f8e0-41bb-8eb7-dde9c2d66cd1" type="org.openqa.selenium.TimeoutException"><![CDATA[org.openqa.selenium.TimeoutException: 
Expected condition failed: waiting for visibility of element located by By.xpath: //android.widget.LinearLayout[@content-desc="Send SMS"]/android.widget.LinearLayout/android.widget.LinearLayout/android.widget.ImageView (tried for 30 second(s) with 500 milliseconds interval)
Build info: version: '4.9.1', revision: 'eb2032df7f'
System info: os.name: 'Windows 11', os.arch: 'amd64', os.version: '10.0', java.version: '17.0.4'
Driver info: io.appium.java_client.android.AndroidDriver
Capabilities {appium:appActivity: com.android.contacts.activi..., appium:appPackage: com.google.android.contacts, appium:automationName: UiAutomator2, appium:databaseEnabled: false, appium:desired: {appActivity: com.android.contacts.activi..., appPackage: com.google.android.contacts, automationName: UiAutomator2, noReset: false, orientation: PORTRAIT, platformName: ANDROID, platformVersion: 10, udid: 192.168.27.101:5555}, appium:deviceApiLevel: 30, appium:deviceManufacturer: Genymobile, appium:deviceModel: Nexus 4, appium:deviceName: 192.168.27.101:5555, appium:deviceScreenDensity: 320, appium:deviceScreenSize: 768x1280, appium:deviceUDID: 192.168.27.101:5555, appium:javascriptEnabled: true, appium:locationContextEnabled: false, appium:networkConnectionEnabled: true, appium:noReset: false, appium:orientation: PORTRAIT, appium:pixelRatio: 2, appium:platformVersion: 11, appium:statBarHeight: 48, appium:takesScreenshot: true, appium:udid: 192.168.27.101:5555, appium:viewportRect: {height: 1136, left: 0, top: 48, width: 768}, appium:warnings: {}, appium:webStorageEnabled: false, platformName: ANDROID}
Session ID: 44db05d9-f8e0-41bb-8eb7-dde9c2d66cd1
	at org.openqa.selenium.support.ui.WebDriverWait.timeoutException(WebDriverWait.java:87)
	at org.openqa.selenium.support.ui.FluentWait.until(FluentWait.java:231)
	at com.qm.android.utils.MobileActions.waitForVisible(MobileActions.java:72)
	at com.qm.android.utils.MobileActions.click(MobileActions.java:84)
	at com.qm.android.screens.HomePage.sendSmsToContact(HomePage.java:128)
	at com.qm.android.testcases.HomePageTest.sendSmsToContact(HomePageTest.java:56)
	at java.base/jdk.internal.reflect.NativeMethodAccessorImpl.invoke0(Native Method)
	at java.base/jdk.internal.reflect.NativeMethodAccessorImpl.invoke(NativeMethodAccessorImpl.java:77)
	at java.base/jdk.internal.reflect.DelegatingMethodAccessorImpl.invoke(DelegatingMethodAccessorImpl.java:43)
	at java.base/java.lang.reflect.Method.invoke(Method.java:568)
	at org.testng.internal.invokers.MethodInvocationHelper.invokeMethod(MethodInvocationHelper.java:139)
	at org.testng.internal.invokers.TestInvoker.invokeMethod(TestInvoker.java:677)
	at org.testng.internal.invokers.TestInvoker.invokeTestMethod(TestInvoker.java:221)
	at org.testng.internal.invokers.MethodRunner.runInSequence(MethodRunner.java:50)
	at org.testng.internal.invokers.TestInvoker$MethodInvocationAgent.invoke(TestInvoker.java:969)
	at org.testng.internal.invokers.TestInvoker.invokeTestMethods(TestInvoker.java:194)
	at org.testng.internal.invokers.TestMethodWorker.invokeTestMethods(TestMethodWorker.java:148)
	at org.testng.internal.invokers.TestMethodWorker.run(TestMethodWorker.java:128)
	at java.base/java.util.ArrayList.forEach(ArrayList.java:1511)
	at org.testng.TestRunner.privateRun(TestRunner.java:829)
	at org.testng.TestRunner.run(TestRunner.java:602)
	at org.testng.SuiteRunner.runTest(SuiteRunner.java:437)
	at org.testng.SuiteRunner.runSequentially(SuiteRunner.java:431)
	at org.testng.SuiteRunner.privateRun(SuiteRunner.java:391)
	at org.testng.SuiteRunner.run(SuiteRunner.java:330)
	at org.testng.SuiteRunnerWorker.runSuite(SuiteRunnerWorker.java:52)
	at org.testng.SuiteRunnerWorker.run(SuiteRunnerWorker.java:95)
	at org.testng.TestNG.runSuitesSequentially(TestNG.java:1256)
	at org.testng.TestNG.runSuitesLocally(TestNG.java:1176)
	at org.testng.TestNG.runSuites(TestNG.java:1099)
	at org.testng.TestNG.run(TestNG.java:1067)
	at org.apache.maven.surefire.testng.TestNGExecutor.run(TestNGExecutor.java:151)
	at org.apache.maven.surefire.testng.TestNGDirectoryTestSuite.executeMulti(TestNGDirectoryTestSuite.java:192)
	at org.apache.maven.surefire.testng.TestNGDirectoryTestSuite.execute(TestNGDirectoryTestSuite.java:93)
	at org.apache.maven.surefire.testng.TestNGProvider.invoke(TestNGProvider.java:155)
	at org.apache.maven.surefire.booter.ForkedBooter.runSuitesInProcess(ForkedBooter.java:456)
	at org.apache.maven.surefire.booter.ForkedBooter.execute(ForkedBooter.java:169)
	at org.apache.maven.surefire.booter.ForkedBooter.run(ForkedBooter.java:595)
	at org.apache.maven.surefire.booter.ForkedBooter.main(ForkedBooter.java:581)
]]></failure>
    <system-out><![CDATA[Test Success: addContactAndVerifyContactDetails
Execution ended - Android_Native
key: Android
key1: 192.168.27.101:5555
key2: 4723
Mobile_Application
Execution started Mobile_Application @ Android_Native
Successfully clicked on - Click on allow
515-255-1482
Successfully clicked on - allow button
Successfully clicked on - Skip button
Successfully element enabled: Create Contact button is enabled
Successfully clicked on - Create Contact button
Successfully get text - Create contact
Actual Text - Create contact
Expected Text - Create contact
Create contact  Actual value is equals to Create contact
Successfully Entered text - 515-255-1482
Successfully get text - 515-255-1482
Successfully Entered text - Auto05/18/2023 14:14:25
Successfully get text - Auto05/18/2023 14:14:25
Successfully Entered text - Auto05/18/2023 14:17:03
Successfully clicked on - Mobile
Successfully clicked on - Save
Successfully get text - 515-255-1482
Actual Text - 515-255-1482
Expected Text - 515-255-1482
515-255-1482  Actual value is equals to 515-255-1482
Successfully clicked on - Previous Page
Successfully clicked on - Search Contact
Successfully clicked on - Search Contact
Successfully Entered text - Auto05/18/2023 14:14:25
Successfully clicked on - Contact Deatails
Successfully clicked on - Text_SMS
Successfully Entered text - ***Test Message***
]]></system-out>
  </testcase>
</testsuite>